This is pdfTeX, Version 3.14159265-2.6-1.40.20 (TeX Live 2019/Debian) (preloaded format=pdflatex 2020.10.28)  11 JUL 2022 02:59
entering extended mode
 restricted \write18 enabled.
 %&-line parsing enabled.
**report.tex
(./report.tex
LaTeX2e <2020-02-02> patch level 2
L3 programming layer <2020-02-14>
(/usr/share/texlive/texmf-dist/tex/latex/base/report.cls
Document Class: report 2019/12/20 v1.4l Standard LaTeX document class
(/usr/share/texlive/texmf-dist/tex/latex/base/size10.clo
File: size10.clo 2019/12/20 v1.4l Standard LaTeX file (size option)
)
\c@part=\count167
\c@chapter=\count168
\c@section=\count169
\c@subsection=\count170
\c@subsubsection=\count171
\c@paragraph=\count172
\c@subparagraph=\count173
\c@figure=\count174
\c@table=\count175
\abovecaptionskip=\skip47
\belowcaptionskip=\skip48
\bibindent=\dimen134
)
(/usr/share/texlive/texmf-dist/tex/latex/base/fontenc.sty
Package: fontenc 2020/02/11 v2.0o Standard LaTeX package
)
(/usr/share/texlive/texmf-dist/tex/latex/base/inputenc.sty
Package: inputenc 2018/08/11 v1.3c Input encoding file
\inpenc@prehook=\toks14
\inpenc@posthook=\toks15
)
(/usr/share/texlive/texmf-dist/tex/latex/csquotes/csquotes.sty
Package: csquotes 2019-12-06 v5.2j context-sensitive quotations (JAW)

(/usr/share/texlive/texmf-dist/tex/latex/etoolbox/etoolbox.sty
Package: etoolbox 2019/09/21 v2.5h e-TeX tools for LaTeX (JAW)
\etb@tempcnta=\count176
)
(/usr/share/texlive/texmf-dist/tex/latex/graphics/keyval.sty
Package: keyval 2014/10/28 v1.15 key=value parser (DPC)
\KV@toks@=\toks16
)
\csq@reset=\count177
\csq@gtype=\count178
\csq@glevel=\count179
\csq@qlevel=\count180
\csq@maxlvl=\count181
\csq@tshold=\count182
\csq@ltx@everypar=\toks17

(/usr/share/texlive/texmf-dist/tex/latex/csquotes/csquotes.def
File: csquotes.def 2019-12-06 v5.2j csquotes generic definitions (JAW)
)
Package csquotes Info: Trying to load configuration file 'csquotes.cfg'...
Package csquotes Info: ... configuration file loaded successfully.

(/usr/share/texlive/texmf-dist/tex/latex/csquotes/csquotes.cfg
File: csquotes.cfg 
))
(/usr/share/texlive/texmf-dist/tex/generic/babel/babel.sty
Package: babel 2020/02/14 3.40 The Babel package

(/usr/share/texlive/texmf-dist/tex/generic/babel/switch.def
File: switch.def 2020/02/14 3.40 Babel switching mechanism
)
(/usr/share/texlive/texmf-dist/tex/generic/babel-portuges/portuges.ldf
Language: portuges 2008/03/18 v1.2q Portuguese support from the babel system

(/usr/share/texlive/texmf-dist/tex/generic/babel/babel.def
File: babel.def 2020/02/14 3.40 Babel common definitions
\babel@savecnt=\count183
\U@D=\dimen135

(/usr/share/texlive/texmf-dist/tex/generic/babel/txtbabel.def)
\bbl@readstream=\read2
\bbl@dirlevel=\count184
)
Package babel Info: Making " an active character on input line 145.
))
(/usr/share/texlive/texmf-dist/tex/latex/blindtext/blindtext.sty
Package: blindtext 2012/01/06 V2.0 blindtext-Package

(/usr/share/texlive/texmf-dist/tex/latex/tools/xspace.sty
Package: xspace 2014/10/28 v1.13 Space after command names (DPC,MH)
)
\c@blindtext=\count185
\c@Blindtext=\count186
\c@blind@countparstart=\count187
\blind@countxx=\count188
\blindtext@numBlindtext=\count189
\blind@countyy=\count190
\c@blindlist=\count191
\c@blindlistlevel=\count192
\c@blindlist@level=\count193
\blind@listitem=\count194
\c@blind@listcount=\count195
\c@blind@levelcount=\count196
\blind@mathformula=\count197
\blind@Mathformula=\count198
\c@blind@randomcount=\count199
\c@blind@randommax=\count266
\c@blind@pangramcount=\count267
\c@blind@pangrammax=\count268
)
(/usr/share/texlive/texmf-dist/tex/latex/acronym/acronym.sty
Package: acronym 2019/11/11 v1.42 Support for acronyms (Tobias Oetiker)

(/usr/share/texlive/texmf-dist/tex/latex/bigfoot/suffix.sty
Package: suffix 2006/07/15 1.5a Variant command support
)
(/usr/share/texlive/texmf-dist/tex/generic/xstring/xstring.sty
(/usr/share/texlive/texmf-dist/tex/generic/xstring/xstring.tex
\integerpart=\count269
\decimalpart=\count270
)
Package: xstring 2019/02/06 v1.83 String manipulations (CT)
)
\AC@clearlist=\toks18
)
(/usr/share/texlive/texmf-dist/tex/latex/hyperref/hyperref.sty
Package: hyperref 2020/01/14 v7.00d Hypertext links for LaTeX

(/usr/share/texlive/texmf-dist/tex/generic/ltxcmds/ltxcmds.sty
Package: ltxcmds 2019/12/15 v1.24 LaTeX kernel commands for general use (HO)
)
(/usr/share/texlive/texmf-dist/tex/generic/iftex/iftex.sty
Package: iftex 2019/11/07 v1.0c TeX engine tests
)
(/usr/share/texlive/texmf-dist/tex/latex/pdftexcmds/pdftexcmds.sty
Package: pdftexcmds 2019/11/24 v0.31 Utility functions of pdfTeX for LuaTeX (HO
)

(/usr/share/texlive/texmf-dist/tex/generic/infwarerr/infwarerr.sty
Package: infwarerr 2019/12/03 v1.5 Providing info/warning/error messages (HO)
)
Package pdftexcmds Info: \pdf@primitive is available.
Package pdftexcmds Info: \pdf@ifprimitive is available.
Package pdftexcmds Info: \pdfdraftmode found.
)
(/usr/share/texlive/texmf-dist/tex/generic/kvsetkeys/kvsetkeys.sty
Package: kvsetkeys 2019/12/15 v1.18 Key value parser (HO)
)
(/usr/share/texlive/texmf-dist/tex/generic/kvdefinekeys/kvdefinekeys.sty
Package: kvdefinekeys 2019-12-19 v1.6 Define keys (HO)
)
(/usr/share/texlive/texmf-dist/tex/generic/pdfescape/pdfescape.sty
Package: pdfescape 2019/12/09 v1.15 Implements pdfTeX's escape features (HO)
)
(/usr/share/texlive/texmf-dist/tex/latex/hycolor/hycolor.sty
Package: hycolor 2020-01-27 v1.10 Color options for hyperref/bookmark (HO)
)
(/usr/share/texlive/texmf-dist/tex/latex/letltxmacro/letltxmacro.sty
Package: letltxmacro 2019/12/03 v1.6 Let assignment for LaTeX macros (HO)
)
(/usr/share/texlive/texmf-dist/tex/latex/auxhook/auxhook.sty
Package: auxhook 2019-12-17 v1.6 Hooks for auxiliary files (HO)
)
(/usr/share/texlive/texmf-dist/tex/latex/kvoptions/kvoptions.sty
Package: kvoptions 2019/11/29 v3.13 Key value format for package options (HO)
)
\@linkdim=\dimen136
\Hy@linkcounter=\count271
\Hy@pagecounter=\count272

(/usr/share/texlive/texmf-dist/tex/latex/hyperref/pd1enc.def
File: pd1enc.def 2020/01/14 v7.00d Hyperref: PDFDocEncoding definition (HO)
Now handling font encoding PD1 ...
... no UTF-8 mapping file for font encoding PD1
)
(/usr/share/texlive/texmf-dist/tex/generic/intcalc/intcalc.sty
Package: intcalc 2019/12/15 v1.3 Expandable calculations with integers (HO)
)
(/usr/share/texlive/texmf-dist/tex/generic/etexcmds/etexcmds.sty
Package: etexcmds 2019/12/15 v1.7 Avoid name clashes with e-TeX commands (HO)
)
\Hy@SavedSpaceFactor=\count273
\pdfmajorversion=\count274
Package hyperref Info: Hyper figures OFF on input line 4547.
Package hyperref Info: Link nesting OFF on input line 4552.
Package hyperref Info: Hyper index ON on input line 4555.
Package hyperref Info: Plain pages OFF on input line 4562.
Package hyperref Info: Backreferencing OFF on input line 4567.
Package hyperref Info: Implicit mode ON; LaTeX internals redefined.
Package hyperref Info: Bookmarks ON on input line 4800.
\c@Hy@tempcnt=\count275

(/usr/share/texlive/texmf-dist/tex/latex/url/url.sty
\Urlmuskip=\muskip16
Package: url 2013/09/16  ver 3.4  Verb mode for urls, etc.
)
LaTeX Info: Redefining \url on input line 5159.
\XeTeXLinkMargin=\dimen137

(/usr/share/texlive/texmf-dist/tex/generic/bitset/bitset.sty
Package: bitset 2019/12/09 v1.3 Handle bit-vector datatype (HO)

(/usr/share/texlive/texmf-dist/tex/generic/bigintcalc/bigintcalc.sty
Package: bigintcalc 2019/12/15 v1.5 Expandable calculations on big integers (HO
)
))
\Fld@menulength=\count276
\Field@Width=\dimen138
\Fld@charsize=\dimen139
Package hyperref Info: Hyper figures OFF on input line 6430.
Package hyperref Info: Link nesting OFF on input line 6435.
Package hyperref Info: Hyper index ON on input line 6438.
Package hyperref Info: backreferencing OFF on input line 6445.
Package hyperref Info: Link coloring OFF on input line 6450.
Package hyperref Info: Link coloring with OCG OFF on input line 6455.
Package hyperref Info: PDF/A mode OFF on input line 6460.
LaTeX Info: Redefining \ref on input line 6500.
LaTeX Info: Redefining \pageref on input line 6504.

(/usr/share/texlive/texmf-dist/tex/generic/atbegshi/atbegshi.sty
Package: atbegshi 2019/12/05 v1.19 At begin shipout hook (HO)
)
\Hy@abspage=\count277
\c@Item=\count278
\c@Hfootnote=\count279
)
Package hyperref Info: Driver (autodetected): hpdftex.

(/usr/share/texlive/texmf-dist/tex/latex/hyperref/hpdftex.def
File: hpdftex.def 2020/01/14 v7.00d Hyperref driver for pdfTeX

(/usr/share/texlive/texmf-dist/tex/latex/atveryend/atveryend.sty
Package: atveryend 2019-12-11 v1.11 Hooks at the very end of document (HO)
)
\Fld@listcount=\count280
\c@bookmark@seq@number=\count281

(/usr/share/texlive/texmf-dist/tex/latex/rerunfilecheck/rerunfilecheck.sty
Package: rerunfilecheck 2019/12/05 v1.9 Rerun checks for auxiliary files (HO)

(/usr/share/texlive/texmf-dist/tex/generic/uniquecounter/uniquecounter.sty
Package: uniquecounter 2019/12/15 v1.4 Provide unlimited unique counter (HO)
)
Package uniquecounter Info: New unique counter `rerunfilecheck' on input line 2
86.
)
\Hy@SectionHShift=\skip49
)
(/usr/share/texlive/texmf-dist/tex/latex/graphics/graphicx.sty
Package: graphicx 2019/11/30 v1.2a Enhanced LaTeX Graphics (DPC,SPQR)

(/usr/share/texlive/texmf-dist/tex/latex/graphics/graphics.sty
Package: graphics 2019/11/30 v1.4a Standard LaTeX Graphics (DPC,SPQR)

(/usr/share/texlive/texmf-dist/tex/latex/graphics/trig.sty
Package: trig 2016/01/03 v1.10 sin cos tan (DPC)
)
(/usr/share/texlive/texmf-dist/tex/latex/graphics-cfg/graphics.cfg
File: graphics.cfg 2016/06/04 v1.11 sample graphics configuration
)
Package graphics Info: Driver file: pdftex.def on input line 105.

(/usr/share/texlive/texmf-dist/tex/latex/graphics-def/pdftex.def
File: pdftex.def 2018/01/08 v1.0l Graphics/color driver for pdftex
))
\Gin@req@height=\dimen140
\Gin@req@width=\dimen141
)
(/usr/share/texlive/texmf-dist/tex/latex/tools/indentfirst.sty
Package: indentfirst 1995/11/23 v1.03 Indent first paragraph (DPC)
)
(/usr/share/texlive/texmf-dist/tex/latex/subfig/subfig.sty
Package: subfig 2005/06/28 ver: 1.3 subfig package

(/usr/share/texlive/texmf-dist/tex/latex/caption/caption.sty
Package: caption 2020/01/03 v3.4h Customizing captions (AR)

(/usr/share/texlive/texmf-dist/tex/latex/caption/caption3.sty
Package: caption3 2020/01/03 v1.8h caption3 kernel (AR)
Package caption3 Info: TeX engine: e-TeX on input line 61.
\captionmargin=\dimen142
\captionmargin@=\dimen143
\captionwidth=\dimen144
\caption@tempdima=\dimen145
\caption@indent=\dimen146
\caption@parindent=\dimen147
\caption@hangindent=\dimen148
Package caption Info: Standard document class detected.
)
\c@caption@flags=\count282
\c@continuedfloat=\count283
Package caption Info: hyperref package is loaded.
)
\c@KVtest=\count284
\sf@farskip=\skip50
\sf@captopadj=\dimen149
\sf@capskip=\skip51
\sf@nearskip=\skip52
\c@subfigure=\count285
\c@subfigure@save=\count286
\c@lofdepth=\count287
\c@subtable=\count288
\c@subtable@save=\count289
\c@lotdepth=\count290
\sf@top=\skip53
\sf@bottom=\skip54
)
(/usr/share/texlive/texmf-dist/tex/latex/float/float.sty
Package: float 2001/11/08 v1.3d Float enhancements (AL)
\c@float@type=\count291
\float@exts=\toks19
\float@box=\box45
\@float@everytoks=\toks20
\@floatcapt=\box46
)
Package csquotes Info: Checking for multilingual support...
Package csquotes Info: ... found 'babel' package.
Package csquotes Info: Adjusting default style.
Package csquotes Info: Redefining alias 'default' -> 'portuguese'.

(/usr/share/texlive/texmf-dist/tex/latex/l3backend/l3backend-pdfmode.def
File: l3backend-pdfmode.def 2020-02-03 L3 backend support: PDF mode
\l__kernel_color_stack_int=\count292
\l__pdf_internal_box=\box47
)
(./report.aux

LaTeX Warning: Label `fig.funcaodbstoreimage' multiply defined.

)
\openout1 = `report.aux'.

LaTeX Font Info:    Checking defaults for OML/cmm/m/it on input line 15.
LaTeX Font Info:    ... okay on input line 15.
LaTeX Font Info:    Checking defaults for OMS/cmsy/m/n on input line 15.
LaTeX Font Info:    ... okay on input line 15.
LaTeX Font Info:    Checking defaults for OT1/cmr/m/n on input line 15.
LaTeX Font Info:    ... okay on input line 15.
LaTeX Font Info:    Checking defaults for T1/cmr/m/n on input line 15.
LaTeX Font Info:    ... okay on input line 15.
LaTeX Font Info:    Checking defaults for TS1/cmr/m/n on input line 15.
LaTeX Font Info:    ... okay on input line 15.
LaTeX Font Info:    Checking defaults for OMX/cmex/m/n on input line 15.
LaTeX Font Info:    ... okay on input line 15.
LaTeX Font Info:    Checking defaults for U/cmr/m/n on input line 15.
LaTeX Font Info:    ... okay on input line 15.
LaTeX Font Info:    Checking defaults for PD1/pdf/m/n on input line 15.
LaTeX Font Info:    ... okay on input line 15.
\AtBeginShipoutBox=\box48
Package hyperref Info: Link coloring OFF on input line 15.
 (/usr/share/texlive/texmf-dist/tex/latex/hyperref/nameref.sty
Package: nameref 2019/09/16 v2.46 Cross-referencing by name of section

(/usr/share/texlive/texmf-dist/tex/latex/refcount/refcount.sty
Package: refcount 2019/12/15 v3.6 Data extraction from label references (HO)
)
(/usr/share/texlive/texmf-dist/tex/generic/gettitlestring/gettitlestring.sty
Package: gettitlestring 2019/12/15 v1.6 Cleanup title references (HO)
)
\c@section@level=\count293
)
LaTeX Info: Redefining \ref on input line 15.
LaTeX Info: Redefining \pageref on input line 15.
LaTeX Info: Redefining \nameref on input line 15.

(./report.out) (./report.out)
\@outlinefile=\write3
\openout3 = `report.out'.


(/usr/share/texlive/texmf-dist/tex/context/base/mkii/supp-pdf.mkii
[Loading MPS to PDF converter (version 2006.09.02).]
\scratchcounter=\count294
\scratchdimen=\dimen150
\scratchbox=\box49
\nofMPsegments=\count295
\nofMParguments=\count296
\everyMPshowfont=\toks21
\MPscratchCnt=\count297
\MPscratchDim=\dimen151
\MPnumerator=\count298
\makeMPintoPDFobject=\count299
\everyMPtoPDFconversion=\toks22
) (/usr/share/texlive/texmf-dist/tex/latex/epstopdf-pkg/epstopdf-base.sty
Package: epstopdf-base 2020-01-24 v2.11 Base part for package epstopdf
Package epstopdf-base Info: Redefining graphics rule for `.eps' on input line 4
85.

(/usr/share/texlive/texmf-dist/tex/latex/latexconfig/epstopdf-sys.cfg
File: epstopdf-sys.cfg 2010/07/13 v1.3 Configuration of (r)epstopdf for TeX Liv
e
))
Package caption Info: Begin \AtBeginDocument code.
Package caption Info: subfig package v1.3 is loaded.
Package caption Info: float package is loaded.
Package caption Info: End \AtBeginDocument code.
<ua.pdf, id=72, 52.195pt x 55.20625pt>
File: ua.pdf Graphic file (type pdf)
<use ua.pdf>
Package pdftex.def Info: ua.pdf  used on input line 51.
(pdftex.def)             Requested size: 52.19487pt x 55.2061pt.

[1

{/var/lib/texmf/fonts/map/pdftex/updmap/pdftex.map} <./ua.pdf>]
LaTeX Font Info:    External font `cmex10' loaded for size
(Font)              <12> on input line 80.
LaTeX Font Info:    External font `cmex10' loaded for size
(Font)              <8> on input line 80.
LaTeX Font Info:    External font `cmex10' loaded for size
(Font)              <6> on input line 80.
LaTeX Font Info:    Trying to load font information for T1+cmtt on input line 8
0.

(/usr/share/texlive/texmf-dist/tex/latex/base/t1cmtt.fd
File: t1cmtt.fd 2019/12/16 v2.5j Standard LaTeX font definitions
)
LaTeX Font Info:    Font shape `T1/cmtt/bx/n' in size <12> not available
(Font)              Font shape `T1/cmtt/m/n' tried instead on input line 80.
pdfTeX warning (ext4): destination with the same identifier (name{page.1}) has 
been already used, duplicate ignored
<to be read again> 
                   \relax 
l.80 
      [1]
Package acronym Info: Label `acro:html' newly defined as it shall be overridden

although it is yet undefined on input line 89.
 [1] (./report.toc
LaTeX Font Info:    External font `cmex10' loaded for size
(Font)              <7> on input line 4.
LaTeX Font Info:    External font `cmex10' loaded for size
(Font)              <5> on input line 4.
)
\tf@toc=\write4
\openout4 = `report.toc'.

pdfTeX warning (ext4): destination with the same identifier (name{page.i}) has 
been already used, duplicate ignored
<to be read again> 
                   \relax 
l.95 \listoffigures
                    [1

] (./report.lof)
\tf@lof=\write5
\openout5 = `report.lof'.

 [2

]
Cap\'{\i }tulo 1.
Package acronym Info: Label `acro:uc' newly defined as it shall be overridden
although it is yet undefined on input line 106.
Package acronym Info: Label `acro:labi' newly defined as it shall be overridden

although it is yet undefined on input line 106.

Overfull \hbox (1.3902pt too wide) in paragraph at lines 119--120
[]\T1/cmr/m/n/10 A Apli-ca-ção Web ([]Se-ção 2.2[][]) con-siste num pro-grama d
e-sen-vol-vido em Python
 []

Package acronym Info: Label `acro:bd' newly defined as it shall be overridden
although it is yet undefined on input line 121.
pdfTeX warning (ext4): destination with the same identifier (name{page.1}) has 
been already used, duplicate ignored
<to be read again> 
                   \relax 
l.125 \chapter
              {Componentes} [1


]
Cap\'{\i }tulo 2.
Package acronym Info: Label `acro:js' newly defined as it shall be overridden
although it is yet undefined on input line 132.
Package acronym Info: Label `acro:css' newly defined as it shall be overridden
although it is yet undefined on input line 132.
Package acronym Info: Label `acro:json' newly defined as it shall be overridden

although it is yet undefined on input line 135.
<images/userislogged.png, id=188, 594.22pt x 300.12125pt>
File: images/userislogged.png Graphic file (type png)
<use images/userislogged.png>
Package pdftex.def Info: images/userislogged.png  used on input line 149.
(pdftex.def)             Requested size: 227.61935pt x 113.80913pt.
[2

]
<images/dbstoreimage.png, id=203, 840.13875pt x 417.56pt>
File: images/dbstoreimage.png Graphic file (type png)
<use images/dbstoreimage.png>
Package pdftex.def Info: images/dbstoreimage.png  used on input line 161.
(pdftex.def)             Requested size: 227.62248pt x 113.80673pt.
<images/get1.png, id=205, 560.0925pt x 769.87625pt>
File: images/get1.png Graphic file (type png)
<use images/get1.png>
Package pdftex.def Info: images/get1.png  used on input line 172.
(pdftex.def)             Requested size: 142.2619pt x 199.16458pt.
<images/get2.png, id=206, 552.0625pt x 740.7675pt>
File: images/get2.png Graphic file (type png)
<use images/get2.png>
Package pdftex.def Info: images/get2.png  used on input line 174.
(pdftex.def)             Requested size: 142.26086pt x 199.16216pt.
 [3 <./images/userislogged.png> <./images/dbstoreimage.png>]
<images/draftimage.png, id=214, 713.66624pt x 206.7725pt>
File: images/draftimage.png Graphic file (type png)
<use images/draftimage.png>
Package pdftex.def Info: images/draftimage.png  used on input line 187.
(pdftex.def)             Requested size: 341.43427pt x 85.3578pt.
 [4 <./images/get1.png> <./images/get2.png> <./images/draftimage.png>]
<images/updateimageowner.png, id=226, 867.24pt x 229.85875pt>
File: images/updateimageowner.png Graphic file (type png)
<use images/updateimageowner.png>
Package pdftex.def Info: images/updateimageowner.png  used on input line 199.
(pdftex.def)             Requested size: 341.43787pt x 85.35855pt.
<images/classecreateimage.png, id=227, 482.80376pt x 304.13625pt>
File: images/classecreateimage.png Graphic file (type png)
<use images/classecreateimage.png>
Package pdftex.def Info: images/classecreateimage.png  used on input line 211.
(pdftex.def)             Requested size: 341.44492pt x 170.71887pt.
Package acronym Info: Label `acro:ascii' newly defined as it shall be overridde
n
although it is yet undefined on input line 221.
 [5 <./images/updateimageowner.png> <./images/classecreateimage.png>]
<images/users1.png, id=239, 773.89125pt x 819.06pt>
File: images/users1.png Graphic file (type png)
<use images/users1.png>
Package pdftex.def Info: images/users1.png  used on input line 229.
(pdftex.def)             Requested size: 199.16408pt x 199.16547pt.
<images/users2.png, id=240, 581.17125pt x 435.6275pt>
File: images/users2.png Graphic file (type png)
<use images/users2.png>
Package pdftex.def Info: images/users2.png  used on input line 231.
(pdftex.def)             Requested size: 199.16524pt x 128.03705pt.
 [6 <./images/users1.png> <./images/users2.png>]
<images/classecromos1.png, id=250, 479.7925pt x 693.59125pt>
File: images/classecromos1.png Graphic file (type png)
<use images/classecromos1.png>
Package pdftex.def Info: images/classecromos1.png  used on input line 243.
(pdftex.def)             Requested size: 199.16873pt x 199.1678pt.
<images/classecromos2.png, id=251, 528.97626pt x 615.29875pt>
File: images/classecromos2.png Graphic file (type png)
<use images/classecromos2.png>
Package pdftex.def Info: images/classecromos2.png  used on input line 245.
(pdftex.def)             Requested size: 199.16469pt x 199.1623pt.
 [7]
<images/root1.png, id=258, 515.9275pt x 658.46pt>
File: images/root1.png Graphic file (type png)
<use images/root1.png>
Package pdftex.def Info: images/root1.png  used on input line 259.
(pdftex.def)             Requested size: 156.48775pt x 184.94023pt.
<images/root2.png, id=259, 563.10374pt x 603.25375pt>
File: images/root2.png Graphic file (type png)
<use images/root2.png>
Package pdftex.def Info: images/root2.png  used on input line 261.
(pdftex.def)             Requested size: 156.49083pt x 184.93562pt.
 [8 <./images/classecromos1.png> <./images/classecromos2.png>]
<images/database1.png, id=270, 627.34375pt x 570.13pt>
File: images/database1.png Graphic file (type png)
<use images/database1.png>
Package pdftex.def Info: images/database1.png  used on input line 273.
(pdftex.def)             Requested size: 156.49094pt x 156.4861pt.
<images/database2.png, id=271, 510.90875pt x 472.76625pt>
File: images/database2.png Graphic file (type png)
<use images/database2.png>
Package pdftex.def Info: images/database2.png  used on input line 275.
(pdftex.def)             Requested size: 156.48569pt x 156.48946pt.
[9 <./images/root1.png> <./images/root2.png> <./images/database1.png> <./images
/database2.png>]
<images/funcaowatermark.png, id=284, 634.37pt x 371.3875pt>
File: images/funcaowatermark.png Graphic file (type png)
<use images/funcaowatermark.png>
Package pdftex.def Info: images/funcaowatermark.png  used on input line 287.
(pdftex.def)             Requested size: 199.16937pt x 128.03815pt.
 [10 <./images/funcaowatermark.png>]
Cap\'{\i }tulo 3.
<images/resultados3.png, id=290, 810.02625pt x 528.97626pt>
File: images/resultados3.png Graphic file (type png)
<use images/resultados3.png>
Package pdftex.def Info: images/resultados3.png  used on input line 297.
(pdftex.def)             Requested size: 142.26347pt x 170.71259pt.
<images/resultados1.png, id=291, 493.845pt x 478.78876pt>
File: images/resultados1.png Graphic file (type png)
<use images/resultados1.png>
Package pdftex.def Info: images/resultados1.png  used on input line 299.
(pdftex.def)             Requested size: 156.48885pt x 156.4885pt.
<images/resultados2.png, id=292, 1339.0025pt x 907.39pt>
File: images/resultados2.png Graphic file (type png)
<use images/resultados2.png>
Package pdftex.def Info: images/resultados2.png  used on input line 306.
(pdftex.def)             Requested size: 156.48491pt x 156.4834pt.
<images/resultados4.png, id=293, 1093.08376pt x 610.28pt>
File: images/resultados4.png Graphic file (type png)
<use images/resultados4.png>
Package pdftex.def Info: images/resultados4.png  used on input line 308.
(pdftex.def)             Requested size: 142.25598pt x 142.26111pt.
[11

 <./images/resultados3.png> <./images/resultados1.png>]
<images/resultados5.png, id=302, 1288.815pt x 789.95125pt>
File: images/resultados5.png Graphic file (type png)
<use images/resultados5.png>
Package pdftex.def Info: images/resultados5.png  used on input line 315.
(pdftex.def)             Requested size: 156.48004pt x 156.48073pt.
<images/resultados6.png, id=303, 537.00626pt x 499.8675pt>
File: images/resultados6.png Graphic file (type png)
<use images/resultados6.png>
Package pdftex.def Info: images/resultados6.png  used on input line 317.
(pdftex.def)             Requested size: 156.48987pt x 156.49042pt.
 [12 <./images/resultados2.png> <./images/resultados4.png> <./images/resultados
5.png> <./images/resultados6.png>]
Cap\'{\i }tulo 4.
[13

]
Package acronym Info: Label `acro:ab' newly defined as it shall be overridden
although it is yet undefined on input line 331.
Package acronym Info: Label `acro:ll' newly defined as it shall be overridden
although it is yet undefined on input line 332.
Package acronym Info: Label `acro:pm' newly defined as it shall be overridden
although it is yet undefined on input line 333.

Underfull \hbox (badness 10000) in paragraph at lines 337--338

 []

[14

] (./report.bbl [15

])
Package atveryend Info: Empty hook `BeforeClearDocument' on input line 363.
 [16

]
Package atveryend Info: Empty hook `AfterLastShipout' on input line 363.
 (./report.aux)
Package atveryend Info: Executing hook `AtVeryEndDocument' on input line 363.
Package atveryend Info: Executing hook `AtEndAfterFileList' on input line 363.
Package rerunfilecheck Info: File `report.out' has not changed.
(rerunfilecheck)             Checksum: 09B292BEAA36E2F4FD6FBDB0E88FEE96;1135.


LaTeX Warning: There were multiply-defined labels.

 ) 
Here is how much of TeX's memory you used:
 9283 strings out of 483122
 142984 string characters out of 5964495
 429875 words of memory out of 5000000
 24021 multiletter control sequences out of 15000+600000
 545658 words of font info for 48 fonts, out of 8000000 for 9000
 38 hyphenation exceptions out of 8191
 50i,9n,49p,968b,473s stack positions out of 5000i,500n,10000p,200000b,80000s
 </home/luis/.texlive2019/texmf-var/fonts/pk/ljfour/jknappen/ec/ecrm0800.600p
k> </home/luis/.texlive2019/texmf-var/fonts/pk/ljfour/jknappen/ec/ecbx1440.600p
k> </home/luis/.texlive2019/texmf-var/fonts/pk/ljfour/jknappen/ec/tcrm1000.600p
k> </home/luis/.texlive2019/texmf-var/fonts/pk/ljfour/jknappen/ec/ecbx2074.600p
k> </home/luis/.texlive2019/texmf-var/fonts/pk/ljfour/jknappen/ec/ecti1000.600p
k> </home/luis/.texlive2019/texmf-var/fonts/pk/ljfour/jknappen/ec/ecrm1000.600p
k> </home/luis/.texlive2019/texmf-var/fonts/pk/ljfour/jknappen/ec/ecbx1000.600p
k> </home/luis/.texlive2019/texmf-var/fonts/pk/ljfour/jknappen/ec/ectt1200.600p
k> </home/luis/.texlive2019/texmf-var/fonts/pk/ljfour/jknappen/ec/ecbx1200.600p
k> </home/luis/.texlive2019/texmf-var/fonts/pk/ljfour/jknappen/ec/ecrm1200.600p
k> </home/luis/.texlive2019/texmf-var/fonts/pk/ljfour/jknappen/ec/ecbx2488.600p
k> </home/luis/.texlive2019/texmf-var/fonts/pk/ljfour/jknappen/ec/ecrm1728.600p
k> </home/luis/.texlive2019/texmf-var/fonts/pk/ljfour/jknappen/ec/ecrm1440.600p
k> </home/luis/.texlive2019/texmf-var/fonts/pk/ljfour/jknappen/ec/ecrm2488.600p
k>
Output written on report.pdf (21 pages, 1631716 bytes).
PDF statistics:
 835 PDF objects out of 1000 (max. 8388607)
 361 compressed objects within 4 object streams
 103 named destinations out of 1000 (max. 500000)
 252 words of extra memory for PDF output out of 10000 (max. 10000000)

